<?xml version="1.0" encoding="UTF-8"?>
<!-- Generated by org.testng.reporters.JUnitReportReporter -->
<testsuite hostname="CHN1-LHP-N81668" failures="0" tests="1" name="demo.LoginApp_Test" time="0.370" errors="0" timestamp="2022-04-13T23:17:54 IST" skipped="0">
  <testcase classname="demo.LoginApp_Test" name="test1" time="0.370"/>
  <system-out/>
</testsuite> <!-- demo.LoginApp_Test -->
